── Attaching packages ─────────────────────────────────────── tidyverse 1.3.1 ──
✔ ggplot2 3.3.5     ✔ purrr   0.3.4
✔ tibble  3.1.6     ✔ dplyr   1.0.7
✔ tidyr   1.1.4     ✔ stringr 1.4.0
✔ readr   2.1.1     ✔ forcats 0.5.1
── Conflicts ────────────────────────────────────────── tidyverse_conflicts() ──
✖ dplyr::filter() masks stats::filter()
✖ dplyr::lag()    masks stats::lag()

Attaching package: ‘lubridate’

The following objects are masked from ‘package:base’:

    date, intersect, setdiff, union

Checking for NOAA forecasts
Generating targets
Beginning generate targets
Already up to date.
trying URL 'https://github.com/CareyLabVT/BVR-GLM/blob/master/inputs/BVR_spillway_outflow_2014_2019_20200917_nldasInflow.csv?raw=true'
Content type 'text/plain; charset=utf-8' length 41530 bytes (40 KB)
==================================================
downloaded 40 KB

[1] "QAQC BVR sensors"
[1] "Extracting temperature"
[1] "Extracting oxygen"
Successfully generated targets
Successfully moved targets to s3 bucket
Generating inflow forecast
Generating forecast
Using restart file with restart index of 3
Using GLM Version 3.2.0a3         
Running time step 1/36 : 2021-11-23 00:00 - 2021-11-24 00:00 [2022-01-13 14:00:48]
zone1temp: mean 12.5726 sd 0.5664
zone2temp: mean 5.0912 sd 0.9635
lw_factor: mean 1.2552 sd 0.0206
sw_factor: mean 0.3196 sd 0.0383
Running time step 2/36 : 2021-11-24 00:00 - 2021-11-25 00:00 [2022-01-13 14:01:00]
zone1temp: mean 12.5726 sd 0.5664
zone2temp: mean 5.0912 sd 0.9635
lw_factor: mean 1.2552 sd 0.0206
sw_factor: mean 0.3196 sd 0.0383
Running time step 3/36 : 2021-11-25 00:00 - 2021-11-26 00:00 [2022-01-13 14:01:08]
zone1temp: mean 12.5726 sd 0.5664
zone2temp: mean 5.0912 sd 0.9635
lw_factor: mean 1.2552 sd 0.0206
sw_factor: mean 0.3196 sd 0.0383
Running time step 4/36 : 2021-11-26 00:00 - 2021-11-27 00:00 [2022-01-13 14:01:14]
zone1temp: mean 12.5726 sd 0.5664
zone2temp: mean 5.0912 sd 0.9635
lw_factor: mean 1.2552 sd 0.0206
sw_factor: mean 0.3196 sd 0.0383
Running time step 5/36 : 2021-11-27 00:00 - 2021-11-28 00:00 [2022-01-13 14:01:21]
zone1temp: mean 12.5726 sd 0.5664
zone2temp: mean 5.0912 sd 0.9635
lw_factor: mean 1.2552 sd 0.0206
sw_factor: mean 0.3196 sd 0.0383
Running time step 6/36 : 2021-11-28 00:00 - 2021-11-29 00:00 [2022-01-13 14:01:28]
zone1temp: mean 12.5726 sd 0.5664
zone2temp: mean 5.0912 sd 0.9635
lw_factor: mean 1.2552 sd 0.0206
sw_factor: mean 0.3196 sd 0.0383
Running time step 7/36 : 2021-11-29 00:00 - 2021-11-30 00:00 [2022-01-13 14:01:34]
zone1temp: mean 12.5726 sd 0.5664
zone2temp: mean 5.0912 sd 0.9635
lw_factor: mean 1.2552 sd 0.0206
sw_factor: mean 0.3196 sd 0.0383
Running time step 8/36 : 2021-11-30 00:00 - 2021-12-01 00:00 [2022-01-13 14:01:41]
zone1temp: mean 12.5726 sd 0.5664
zone2temp: mean 5.0912 sd 0.9635
lw_factor: mean 1.2552 sd 0.0206
sw_factor: mean 0.3196 sd 0.0383
Running time step 9/36 : 2021-12-01 00:00 - 2021-12-02 00:00 [2022-01-13 14:01:48]
zone1temp: mean 12.5726 sd 0.5664
zone2temp: mean 5.0912 sd 0.9635
lw_factor: mean 1.2552 sd 0.0206
sw_factor: mean 0.3196 sd 0.0383
Running time step 10/36 : 2021-12-02 00:00 - 2021-12-03 00:00 [2022-01-13 14:01:55]
zone1temp: mean 12.5726 sd 0.5664
zone2temp: mean 5.0912 sd 0.9635
lw_factor: mean 1.2552 sd 0.0206
sw_factor: mean 0.3196 sd 0.0383
Running time step 11/36 : 2021-12-03 00:00 - 2021-12-04 00:00 [2022-01-13 14:02:02]
zone1temp: mean 12.5726 sd 0.5664
zone2temp: mean 5.0912 sd 0.9635
lw_factor: mean 1.2552 sd 0.0206
sw_factor: mean 0.3196 sd 0.0383
Running time step 12/36 : 2021-12-04 00:00 - 2021-12-05 00:00 [2022-01-13 14:02:09]
zone1temp: mean 12.5726 sd 0.5664
zone2temp: mean 5.0912 sd 0.9635
lw_factor: mean 1.2552 sd 0.0206
sw_factor: mean 0.3196 sd 0.0383
Running time step 13/36 : 2021-12-05 00:00 - 2021-12-06 00:00 [2022-01-13 14:02:16]
zone1temp: mean 12.5726 sd 0.5664
zone2temp: mean 5.0912 sd 0.9635
lw_factor: mean 1.2552 sd 0.0206
sw_factor: mean 0.3196 sd 0.0383
Running time step 14/36 : 2021-12-06 00:00 - 2021-12-07 00:00 [2022-01-13 14:02:23]
zone1temp: mean 12.5726 sd 0.5664
zone2temp: mean 5.0912 sd 0.9635
lw_factor: mean 1.2552 sd 0.0206
sw_factor: mean 0.3196 sd 0.0383
Running time step 15/36 : 2021-12-07 00:00 - 2021-12-08 00:00 [2022-01-13 14:02:30]
zone1temp: mean 12.5726 sd 0.5664
zone2temp: mean 5.0912 sd 0.9635
lw_factor: mean 1.2552 sd 0.0206
sw_factor: mean 0.3196 sd 0.0383
Running time step 16/36 : 2021-12-08 00:00 - 2021-12-09 00:00 [2022-01-13 14:02:37]
zone1temp: mean 12.5726 sd 0.5664
zone2temp: mean 5.0912 sd 0.9635
lw_factor: mean 1.2552 sd 0.0206
sw_factor: mean 0.3196 sd 0.0383
Running time step 17/36 : 2021-12-09 00:00 - 2021-12-10 00:00 [2022-01-13 14:02:43]
zone1temp: mean 12.5726 sd 0.5664
zone2temp: mean 5.0912 sd 0.9635
lw_factor: mean 1.2552 sd 0.0206
sw_factor: mean 0.3196 sd 0.0383
Running time step 18/36 : 2021-12-10 00:00 - 2021-12-11 00:00 [2022-01-13 14:02:50]
Error in checkForRemoteErrors(val) : 
  3 nodes produced errors; first error: Too many re-runs (> 1000) due to issues generating output
Calls: source ... clusterApply -> staticClusterApply -> checkForRemoteErrors
In addition: There were 16 warnings (use warnings() to see them)
Execution halted
